2025-02-26 16:15:41 [main] INFO  o.b.s.c.CgEmployeePayrollAppApplication - Starting CgEmployeePayrollAppApplication using Java 23.0.2 with PID 91990 (/Users/siddhu/Desktop/cg-tut/cg-EmployeePayrollApp/target/classes started by siddhu in /Users/siddhu/Desktop/cg-tut/cg-EmployeePayrollApp)
2025-02-26 16:15:41 [main] INFO  o.b.s.c.CgEmployeePayrollAppApplication - No active profile set, falling back to 1 default profile: "default"
2025-02-26 16:15:42 [main] INFO  o.s.d.r.c.RepositoryConfigurationDelegate - Bootstrapping Spring Data JPA repositories in DEFAULT mode.
2025-02-26 16:15:42 [main] INFO  o.s.d.r.c.RepositoryConfigurationDelegate - Finished Spring Data repository scanning in 25 ms. Found 1 JPA repository interface.
2025-02-26 16:15:42 [main] INFO  o.s.b.w.e.tomcat.TomcatWebServer - Tomcat initialized with port 8080 (http)
2025-02-26 16:15:42 [main] INFO  o.a.catalina.core.StandardService - Starting service [Tomcat]
2025-02-26 16:15:42 [main] INFO  o.a.catalina.core.StandardEngine - Starting Servlet engine: [Apache Tomcat/10.1.36]
2025-02-26 16:15:42 [main] INFO  o.a.c.c.C.[Tomcat].[localhost].[/] - Initializing Spring embedded WebApplicationContext
2025-02-26 16:15:42 [main] INFO  o.s.b.w.s.c.ServletWebServerApplicationContext - Root WebApplicationContext: initialization completed in 578 ms
2025-02-26 16:15:42 [main] INFO  o.h.jpa.internal.util.LogHelper - HHH000204: Processing PersistenceUnitInfo [name: default]
2025-02-26 16:15:42 [main] INFO  org.hibernate.Version - HHH000412: Hibernate ORM core version 6.6.8.Final
2025-02-26 16:15:42 [main] INFO  o.h.c.i.RegionFactoryInitiator - HHH000026: Second-level cache disabled
2025-02-26 16:15:42 [main] INFO  o.s.o.j.p.SpringPersistenceUnitInfo - No LoadTimeWeaver setup: ignoring JPA class transformer
2025-02-26 16:15:42 [main] INFO  com.zaxxer.hikari.HikariDataSource - HikariPool-1 - Starting...
2025-02-26 16:15:42 [main] INFO  com.zaxxer.hikari.pool.HikariPool - HikariPool-1 - Added connection com.mysql.cj.jdbc.ConnectionImpl@64420e34
2025-02-26 16:15:42 [main] INFO  com.zaxxer.hikari.HikariDataSource - HikariPool-1 - Start completed.
2025-02-26 16:15:42 [main] WARN  org.hibernate.orm.deprecation - HHH90000025: MySQL8Dialect does not need to be specified explicitly using 'hibernate.dialect' (remove the property setting and it will be selected by default)
2025-02-26 16:15:42 [main] WARN  org.hibernate.orm.deprecation - HHH90000026: MySQL8Dialect has been deprecated; use org.hibernate.dialect.MySQLDialect instead
2025-02-26 16:15:42 [main] INFO  o.hibernate.orm.connections.pooling - HHH10001005: Database info:
	Database JDBC URL [Connecting through datasource 'HikariDataSource (HikariPool-1)']
	Database driver: undefined/unknown
	Database version: 8.0
	Autocommit mode: undefined/unknown
	Isolation level: undefined/unknown
	Minimum pool size: undefined/unknown
	Maximum pool size: undefined/unknown
2025-02-26 16:15:43 [main] INFO  o.h.e.t.j.p.i.JtaPlatformInitiator - HHH000489: No JTA platform available (set 'hibernate.transaction.jta.platform' to enable JTA platform integration)
2025-02-26 16:15:43 [main] INFO  o.s.o.j.LocalContainerEntityManagerFactoryBean - Initialized JPA EntityManagerFactory for persistence unit 'default'
2025-02-26 16:15:43 [main] WARN  o.s.b.a.o.j.JpaBaseConfiguration$JpaWebConfiguration - spring.jpa.open-in-view is enabled by default. Therefore, database queries may be performed during view rendering. Explicitly configure spring.jpa.open-in-view to disable this warning
2025-02-26 16:15:43 [main] INFO  o.s.b.w.e.tomcat.TomcatWebServer - Tomcat started on port 8080 (http) with context path '/'
2025-02-26 16:15:43 [main] INFO  o.b.s.c.CgEmployeePayrollAppApplication - Started CgEmployeePayrollAppApplication in 1.963 seconds (process running for 2.333)
2025-02-26 16:16:04 [SpringApplicationShutdownHook] INFO  o.s.b.w.e.tomcat.GracefulShutdown - Commencing graceful shutdown. Waiting for active requests to complete
2025-02-26 16:16:04 [tomcat-shutdown] INFO  o.s.b.w.e.tomcat.GracefulShutdown - Graceful shutdown complete
2025-02-26 16:16:04 [SpringApplicationShutdownHook] INFO  o.s.o.j.LocalContainerEntityManagerFactoryBean - Closing JPA EntityManagerFactory for persistence unit 'default'
2025-02-26 16:16:04 [SpringApplicationShutdownHook] INFO  com.zaxxer.hikari.HikariDataSource - HikariPool-1 - Shutdown initiated...
2025-02-26 16:16:04 [SpringApplicationShutdownHook] INFO  com.zaxxer.hikari.HikariDataSource - HikariPool-1 - Shutdown completed.
2025-02-26T16:16:06.415+05:30  INFO 92003 --- [cg-EmployeePayrollApp] [main] o.b.s.c.CgEmployeePayrollAppApplication  : Starting CgEmployeePayrollAppApplication using Java 23.0.2 with PID 92003 (/Users/siddhu/Desktop/cg-tut/cg-EmployeePayrollApp/target/classes started by siddhu in /Users/siddhu/Desktop/cg-tut/cg-EmployeePayrollApp)
2025-02-26T16:16:06.416+05:30  INFO 92003 --- [cg-EmployeePayrollApp] [main] o.b.s.c.CgEmployeePayrollAppApplication  : No active profile set, falling back to 1 default profile: "default"
2025-02-26T16:16:06.667+05:30  INFO 92003 --- [cg-EmployeePayrollApp] [main] .s.d.r.c.RepositoryConfigurationDelegate : Bootstrapping Spring Data JPA repositories in DEFAULT mode.
2025-02-26T16:16:06.691+05:30  INFO 92003 --- [cg-EmployeePayrollApp] [main] .s.d.r.c.RepositoryConfigurationDelegate : Finished Spring Data repository scanning in 17 ms. Found 1 JPA repository interface.
2025-02-26T16:16:06.950+05:30  INFO 92003 --- [cg-EmployeePayrollApp] [main] o.s.b.w.embedded.tomcat.TomcatWebServer  : Tomcat initialized with port 8080 (http)
2025-02-26T16:16:06.956+05:30  INFO 92003 --- [cg-EmployeePayrollApp] [main] o.apache.catalina.core.StandardService   : Starting service [Tomcat]
2025-02-26T16:16:06.956+05:30  INFO 92003 --- [cg-EmployeePayrollApp] [main] o.apache.catalina.core.StandardEngine    : Starting Servlet engine: [Apache Tomcat/10.1.36]
2025-02-26T16:16:06.975+05:30  INFO 92003 --- [cg-EmployeePayrollApp] [main] o.a.c.c.C.[Tomcat].[localhost].[/]       : Initializing Spring embedded WebApplicationContext
2025-02-26T16:16:06.975+05:30  INFO 92003 --- [cg-EmployeePayrollApp] [main] w.s.c.ServletWebServerApplicationContext : Root WebApplicationContext: initialization completed in 541 ms
2025-02-26T16:16:07.050+05:30  INFO 92003 --- [cg-EmployeePayrollApp] [main] o.hibernate.jpa.internal.util.LogHelper  : HHH000204: Processing PersistenceUnitInfo [name: default]
2025-02-26T16:16:07.072+05:30  INFO 92003 --- [cg-EmployeePayrollApp] [main] org.hibernate.Version                    : HHH000412: Hibernate ORM core version 6.6.8.Final
2025-02-26T16:16:07.085+05:30  INFO 92003 --- [cg-EmployeePayrollApp] [main] o.h.c.internal.RegionFactoryInitiator    : HHH000026: Second-level cache disabled
2025-02-26T16:16:07.214+05:30  INFO 92003 --- [cg-EmployeePayrollApp] [main] o.s.o.j.p.SpringPersistenceUnitInfo      : No LoadTimeWeaver setup: ignoring JPA class transformer
2025-02-26T16:16:07.229+05:30  INFO 92003 --- [cg-EmployeePayrollApp] [main] com.zaxxer.hikari.HikariDataSource       : HikariPool-1 - Starting...
2025-02-26T16:16:07.404+05:30  INFO 92003 --- [cg-EmployeePayrollApp] [main] com.zaxxer.hikari.pool.HikariPool        : HikariPool-1 - Added connection com.mysql.cj.jdbc.ConnectionImpl@286a4c52
2025-02-26T16:16:07.404+05:30  INFO 92003 --- [cg-EmployeePayrollApp] [main] com.zaxxer.hikari.HikariDataSource       : HikariPool-1 - Start completed.
2025-02-26T16:16:07.426+05:30  WARN 92003 --- [cg-EmployeePayrollApp] [main] org.hibernate.orm.deprecation            : HHH90000025: MySQL8Dialect does not need to be specified explicitly using 'hibernate.dialect' (remove the property setting and it will be selected by default)
2025-02-26T16:16:07.427+05:30  WARN 92003 --- [cg-EmployeePayrollApp] [main] org.hibernate.orm.deprecation            : HHH90000026: MySQL8Dialect has been deprecated; use org.hibernate.dialect.MySQLDialect instead
2025-02-26T16:16:07.434+05:30  INFO 92003 --- [cg-EmployeePayrollApp] [main] org.hibernate.orm.connections.pooling    : HHH10001005: Database info:
	Database JDBC URL [Connecting through datasource 'HikariDataSource (HikariPool-1)']
	Database driver: undefined/unknown
	Database version: 8.0
	Autocommit mode: undefined/unknown
	Isolation level: undefined/unknown
	Minimum pool size: undefined/unknown
	Maximum pool size: undefined/unknown
2025-02-26T16:16:07.774+05:30  INFO 92003 --- [cg-EmployeePayrollApp] [main] o.h.e.t.j.p.i.JtaPlatformInitiator       : HHH000489: No JTA platform available (set 'hibernate.transaction.jta.platform' to enable JTA platform integration)
2025-02-26T16:16:07.804+05:30  INFO 92003 --- [cg-EmployeePayrollApp] [main] j.LocalContainerEntityManagerFactoryBean : Initialized JPA EntityManagerFactory for persistence unit 'default'
2025-02-26T16:16:07.944+05:30  WARN 92003 --- [cg-EmployeePayrollApp] [main] JpaBaseConfiguration$JpaWebConfiguration : spring.jpa.open-in-view is enabled by default. Therefore, database queries may be performed during view rendering. Explicitly configure spring.jpa.open-in-view to disable this warning
2025-02-26T16:16:08.110+05:30  INFO 92003 --- [cg-EmployeePayrollApp] [main] o.s.b.w.embedded.tomcat.TomcatWebServer  : Tomcat started on port 8080 (http) with context path '/'
2025-02-26T16:16:08.115+05:30  INFO 92003 --- [cg-EmployeePayrollApp] [main] o.b.s.c.CgEmployeePayrollAppApplication  : Started CgEmployeePayrollAppApplication in 1.961 seconds (process running for 2.473)
2025-02-26T16:26:29.988+05:30  INFO 92493 --- [cg-EmployeePayrollApp] [main] o.b.s.c.CgEmployeePayrollAppApplication  : Starting CgEmployeePayrollAppApplication using Java 23.0.2 with PID 92493 (/Users/siddhu/Desktop/cg-tut/cg-EmployeePayrollApp/target/classes started by siddhu in /Users/siddhu/Desktop/cg-tut/cg-EmployeePayrollApp)
2025-02-26T16:26:29.989+05:30  INFO 92493 --- [cg-EmployeePayrollApp] [main] o.b.s.c.CgEmployeePayrollAppApplication  : No active profile set, falling back to 1 default profile: "default"
2025-02-26T16:26:30.306+05:30  INFO 92493 --- [cg-EmployeePayrollApp] [main] .s.d.r.c.RepositoryConfigurationDelegate : Bootstrapping Spring Data JPA repositories in DEFAULT mode.
2025-02-26T16:26:30.329+05:30  INFO 92493 --- [cg-EmployeePayrollApp] [main] .s.d.r.c.RepositoryConfigurationDelegate : Finished Spring Data repository scanning in 16 ms. Found 1 JPA repository interface.
2025-02-26T16:26:30.516+05:30  INFO 92493 --- [cg-EmployeePayrollApp] [main] o.s.b.w.embedded.tomcat.TomcatWebServer  : Tomcat initialized with port 8080 (http)
2025-02-26T16:26:30.522+05:30  INFO 92493 --- [cg-EmployeePayrollApp] [main] o.apache.catalina.core.StandardService   : Starting service [Tomcat]
2025-02-26T16:26:30.522+05:30  INFO 92493 --- [cg-EmployeePayrollApp] [main] o.apache.catalina.core.StandardEngine    : Starting Servlet engine: [Apache Tomcat/10.1.36]
2025-02-26T16:26:30.538+05:30  INFO 92493 --- [cg-EmployeePayrollApp] [main] o.a.c.c.C.[Tomcat].[localhost].[/]       : Initializing Spring embedded WebApplicationContext
2025-02-26T16:26:30.538+05:30  INFO 92493 --- [cg-EmployeePayrollApp] [main] w.s.c.ServletWebServerApplicationContext : Root WebApplicationContext: initialization completed in 526 ms
2025-02-26T16:26:30.600+05:30  INFO 92493 --- [cg-EmployeePayrollApp] [main] o.hibernate.jpa.internal.util.LogHelper  : HHH000204: Processing PersistenceUnitInfo [name: default]
2025-02-26T16:26:30.626+05:30  INFO 92493 --- [cg-EmployeePayrollApp] [main] org.hibernate.Version                    : HHH000412: Hibernate ORM core version 6.6.8.Final
2025-02-26T16:26:30.638+05:30  INFO 92493 --- [cg-EmployeePayrollApp] [main] o.h.c.internal.RegionFactoryInitiator    : HHH000026: Second-level cache disabled
2025-02-26T16:26:30.750+05:30  INFO 92493 --- [cg-EmployeePayrollApp] [main] o.s.o.j.p.SpringPersistenceUnitInfo      : No LoadTimeWeaver setup: ignoring JPA class transformer
2025-02-26T16:26:30.764+05:30  INFO 92493 --- [cg-EmployeePayrollApp] [main] com.zaxxer.hikari.HikariDataSource       : HikariPool-1 - Starting...
2025-02-26T16:26:30.985+05:30  INFO 92493 --- [cg-EmployeePayrollApp] [main] com.zaxxer.hikari.pool.HikariPool        : HikariPool-1 - Added connection com.mysql.cj.jdbc.ConnectionImpl@4d825dbe
2025-02-26T16:26:30.986+05:30  INFO 92493 --- [cg-EmployeePayrollApp] [main] com.zaxxer.hikari.HikariDataSource       : HikariPool-1 - Start completed.
2025-02-26T16:26:31.014+05:30  WARN 92493 --- [cg-EmployeePayrollApp] [main] org.hibernate.orm.deprecation            : HHH90000025: MySQL8Dialect does not need to be specified explicitly using 'hibernate.dialect' (remove the property setting and it will be selected by default)
2025-02-26T16:26:31.015+05:30  WARN 92493 --- [cg-EmployeePayrollApp] [main] org.hibernate.orm.deprecation            : HHH90000026: MySQL8Dialect has been deprecated; use org.hibernate.dialect.MySQLDialect instead
2025-02-26T16:26:31.022+05:30  INFO 92493 --- [cg-EmployeePayrollApp] [main] org.hibernate.orm.connections.pooling    : HHH10001005: Database info:
	Database JDBC URL [Connecting through datasource 'HikariDataSource (HikariPool-1)']
	Database driver: undefined/unknown
	Database version: 8.0
	Autocommit mode: undefined/unknown
	Isolation level: undefined/unknown
	Minimum pool size: undefined/unknown
	Maximum pool size: undefined/unknown
2025-02-26T16:26:31.325+05:30  INFO 92493 --- [cg-EmployeePayrollApp] [main] o.h.e.t.j.p.i.JtaPlatformInitiator       : HHH000489: No JTA platform available (set 'hibernate.transaction.jta.platform' to enable JTA platform integration)
2025-02-26T16:26:31.367+05:30  INFO 92493 --- [cg-EmployeePayrollApp] [main] j.LocalContainerEntityManagerFactoryBean : Initialized JPA EntityManagerFactory for persistence unit 'default'
2025-02-26T16:26:31.464+05:30  WARN 92493 --- [cg-EmployeePayrollApp] [main] JpaBaseConfiguration$JpaWebConfiguration : spring.jpa.open-in-view is enabled by default. Therefore, database queries may be performed during view rendering. Explicitly configure spring.jpa.open-in-view to disable this warning
2025-02-26T16:26:31.613+05:30  INFO 92493 --- [cg-EmployeePayrollApp] [main] o.s.b.w.embedded.tomcat.TomcatWebServer  : Tomcat started on port 8080 (http) with context path '/'
2025-02-26T16:26:31.617+05:30  INFO 92493 --- [cg-EmployeePayrollApp] [main] o.b.s.c.CgEmployeePayrollAppApplication  : Started CgEmployeePayrollAppApplication in 1.871 seconds (process running for 2.278)
2025-02-26T17:36:07.438+05:30  INFO 93750 --- [cg-EmployeePayrollApp] [main] o.b.s.c.CgEmployeePayrollAppApplication  : Starting CgEmployeePayrollAppApplication using Java 23.0.2 with PID 93750 (/Users/siddhu/Desktop/cg-tut/cg-EmployeePayrollApp/target/classes started by siddhu in /Users/siddhu/Desktop/cg-tut/cg-EmployeePayrollApp)
2025-02-26T17:36:07.440+05:30  INFO 93750 --- [cg-EmployeePayrollApp] [main] o.b.s.c.CgEmployeePayrollAppApplication  : No active profile set, falling back to 1 default profile: "default"
2025-02-26T17:36:07.925+05:30  INFO 93750 --- [cg-EmployeePayrollApp] [main] .s.d.r.c.RepositoryConfigurationDelegate : Bootstrapping Spring Data JPA repositories in DEFAULT mode.
2025-02-26T17:36:07.954+05:30  INFO 93750 --- [cg-EmployeePayrollApp] [main] .s.d.r.c.RepositoryConfigurationDelegate : Finished Spring Data repository scanning in 19 ms. Found 1 JPA repository interface.
2025-02-26T17:36:08.217+05:30  INFO 93750 --- [cg-EmployeePayrollApp] [main] o.s.b.w.embedded.tomcat.TomcatWebServer  : Tomcat initialized with port 8080 (http)
2025-02-26T17:36:08.224+05:30  INFO 93750 --- [cg-EmployeePayrollApp] [main] o.apache.catalina.core.StandardService   : Starting service [Tomcat]
2025-02-26T17:36:08.224+05:30  INFO 93750 --- [cg-EmployeePayrollApp] [main] o.apache.catalina.core.StandardEngine    : Starting Servlet engine: [Apache Tomcat/10.1.36]
2025-02-26T17:36:08.240+05:30  INFO 93750 --- [cg-EmployeePayrollApp] [main] o.a.c.c.C.[Tomcat].[localhost].[/]       : Initializing Spring embedded WebApplicationContext
2025-02-26T17:36:08.241+05:30  INFO 93750 --- [cg-EmployeePayrollApp] [main] w.s.c.ServletWebServerApplicationContext : Root WebApplicationContext: initialization completed in 772 ms
2025-02-26T17:36:08.303+05:30  INFO 93750 --- [cg-EmployeePayrollApp] [main] o.hibernate.jpa.internal.util.LogHelper  : HHH000204: Processing PersistenceUnitInfo [name: default]
2025-02-26T17:36:08.331+05:30  INFO 93750 --- [cg-EmployeePayrollApp] [main] org.hibernate.Version                    : HHH000412: Hibernate ORM core version 6.6.8.Final
2025-02-26T17:36:08.344+05:30  INFO 93750 --- [cg-EmployeePayrollApp] [main] o.h.c.internal.RegionFactoryInitiator    : HHH000026: Second-level cache disabled
2025-02-26T17:36:08.498+05:30  INFO 93750 --- [cg-EmployeePayrollApp] [main] o.s.o.j.p.SpringPersistenceUnitInfo      : No LoadTimeWeaver setup: ignoring JPA class transformer
2025-02-26T17:36:08.515+05:30  INFO 93750 --- [cg-EmployeePayrollApp] [main] com.zaxxer.hikari.HikariDataSource       : HikariPool-1 - Starting...
2025-02-26T17:36:08.738+05:30  INFO 93750 --- [cg-EmployeePayrollApp] [main] com.zaxxer.hikari.pool.HikariPool        : HikariPool-1 - Added connection com.mysql.cj.jdbc.ConnectionImpl@333a44f2
2025-02-26T17:36:08.739+05:30  INFO 93750 --- [cg-EmployeePayrollApp] [main] com.zaxxer.hikari.HikariDataSource       : HikariPool-1 - Start completed.
2025-02-26T17:36:08.792+05:30  WARN 93750 --- [cg-EmployeePayrollApp] [main] org.hibernate.orm.deprecation            : HHH90000025: MySQL8Dialect does not need to be specified explicitly using 'hibernate.dialect' (remove the property setting and it will be selected by default)
2025-02-26T17:36:08.793+05:30  WARN 93750 --- [cg-EmployeePayrollApp] [main] org.hibernate.orm.deprecation            : HHH90000026: MySQL8Dialect has been deprecated; use org.hibernate.dialect.MySQLDialect instead
2025-02-26T17:36:08.804+05:30  INFO 93750 --- [cg-EmployeePayrollApp] [main] org.hibernate.orm.connections.pooling    : HHH10001005: Database info:
	Database JDBC URL [Connecting through datasource 'HikariDataSource (HikariPool-1)']
	Database driver: undefined/unknown
	Database version: 8.0
	Autocommit mode: undefined/unknown
	Isolation level: undefined/unknown
	Minimum pool size: undefined/unknown
	Maximum pool size: undefined/unknown
2025-02-26T17:36:09.436+05:30  INFO 93750 --- [cg-EmployeePayrollApp] [main] o.h.e.t.j.p.i.JtaPlatformInitiator       : HHH000489: No JTA platform available (set 'hibernate.transaction.jta.platform' to enable JTA platform integration)
2025-02-26T17:36:09.627+05:30  INFO 93750 --- [cg-EmployeePayrollApp] [main] j.LocalContainerEntityManagerFactoryBean : Initialized JPA EntityManagerFactory for persistence unit 'default'
2025-02-26T17:36:09.834+05:30  WARN 93750 --- [cg-EmployeePayrollApp] [main] JpaBaseConfiguration$JpaWebConfiguration : spring.jpa.open-in-view is enabled by default. Therefore, database queries may be performed during view rendering. Explicitly configure spring.jpa.open-in-view to disable this warning
2025-02-26T17:36:10.173+05:30  INFO 93750 --- [cg-EmployeePayrollApp] [main] o.s.b.w.embedded.tomcat.TomcatWebServer  : Tomcat started on port 8080 (http) with context path '/'
2025-02-26T17:36:10.178+05:30  INFO 93750 --- [cg-EmployeePayrollApp] [main] o.b.s.c.CgEmployeePayrollAppApplication  : Started CgEmployeePayrollAppApplication in 3.129 seconds (process running for 3.803)
2025-02-26T17:36:38.084+05:30  INFO 93750 --- [cg-EmployeePayrollApp] [http-nio-8080-exec-1] o.a.c.c.C.[Tomcat].[localhost].[/]       : Initializing Spring DispatcherServlet 'dispatcherServlet'
2025-02-26T17:36:38.084+05:30  INFO 93750 --- [cg-EmployeePayrollApp] [http-nio-8080-exec-1] o.s.web.servlet.DispatcherServlet        : Initializing Servlet 'dispatcherServlet'
2025-02-26T17:36:38.087+05:30  INFO 93750 --- [cg-EmployeePayrollApp] [http-nio-8080-exec-1] o.s.web.servlet.DispatcherServlet        : Completed initialization in 3 ms
2025-02-26T17:36:38.103+05:30  WARN 93750 --- [cg-EmployeePayrollApp] [http-nio-8080-exec-1] .w.s.m.s.DefaultHandlerExceptionResolver : Resolved [org.springframework.web.HttpRequestMethodNotSupportedException: Request method 'POST' is not supported]
2025-02-26T17:36:42.244+05:30  INFO 93750 --- [cg-EmployeePayrollApp] [http-nio-8080-exec-3] o.b.s.c.c.EmployeeRestController         : Adding new employee: Name=aman, Salary=900.0
2025-02-26T17:36:46.966+05:30  WARN 93750 --- [cg-EmployeePayrollApp] [http-nio-8080-exec-4] .w.s.m.s.DefaultHandlerExceptionResolver : Resolved [org.springframework.web.bind.MethodArgumentNotValidException: Validation failed for argument [0] in public org.bridgelabz.siddhu.cgemployeepayrollapp.dto.Employee org.bridgelabz.siddhu.cgemployeepayrollapp.controller.EmployeeRestController.addEmployee(org.bridgelabz.siddhu.cgemployeepayrollapp.dto.Employee): [Field error in object 'employee' on field 'name': rejected value [aman323]; codes [Pattern.employee.name,Pattern.name,Pattern.java.lang.String,Pattern]; arguments [org.springframework.context.support.DefaultMessageSourceResolvable: codes [employee.name,name]; arguments []; default message [name],[Ljakarta.validation.constraints.Pattern$Flag;@8304eae,^[A-Za-z ]+$]; default message [Only alphabets and space allowed]] ]
2025-02-26T17:37:01.518+05:30  WARN 93750 --- [cg-EmployeePayrollApp] [http-nio-8080-exec-6] .w.s.m.s.DefaultHandlerExceptionResolver : Resolved [org.springframework.web.bind.MethodArgumentNotValidException: Validation failed for argument [0] in public org.bridgelabz.siddhu.cgemployeepayrollapp.dto.Employee org.bridgelabz.siddhu.cgemployeepayrollapp.controller.EmployeeRestController.addEmployee(org.bridgelabz.siddhu.cgemployeepayrollapp.dto.Employee) with 2 errors: [Field error in object 'employee' on field 'name': rejected value []; codes [NotBlank.employee.name,NotBlank.name,NotBlank.java.lang.String,NotBlank]; arguments [org.springframework.context.support.DefaultMessageSourceResolvable: codes [employee.name,name]; arguments []; default message [name]]; default message [Name should not be empty]] [Field error in object 'employee' on field 'name': rejected value []; codes [Pattern.employee.name,Pattern.name,Pattern.java.lang.String,Pattern]; arguments [org.springframework.context.support.DefaultMessageSourceResolvable: codes [employee.name,name]; arguments []; default message [name],[Ljakarta.validation.constraints.Pattern$Flag;@8304eae,^[A-Za-z ]+$]; default message [Only alphabets and space allowed]] ]
2025-02-26T17:37:03.787+05:30  INFO 93750 --- [cg-EmployeePayrollApp] [http-nio-8080-exec-8] o.b.s.c.c.EmployeeRestController         : Adding new employee: Name=sd, Salary=900.0
2025-02-26T17:37:06.427+05:30  WARN 93750 --- [cg-EmployeePayrollApp] [http-nio-8080-exec-9] .w.s.m.s.DefaultHandlerExceptionResolver : Resolved [org.springframework.web.bind.MethodArgumentNotValidException: Validation failed for argument [0] in public org.bridgelabz.siddhu.cgemployeepayrollapp.dto.Employee org.bridgelabz.siddhu.cgemployeepayrollapp.controller.EmployeeRestController.addEmployee(org.bridgelabz.siddhu.cgemployeepayrollapp.dto.Employee) with 2 errors: [Field error in object 'employee' on field 'name': rejected value []; codes [Pattern.employee.name,Pattern.name,Pattern.java.lang.String,Pattern]; arguments [org.springframework.context.support.DefaultMessageSourceResolvable: codes [employee.name,name]; arguments []; default message [name],[Ljakarta.validation.constraints.Pattern$Flag;@8304eae,^[A-Za-z ]+$]; default message [Only alphabets and space allowed]] [Field error in object 'employee' on field 'name': rejected value []; codes [NotBlank.employee.name,NotBlank.name,NotBlank.java.lang.String,NotBlank]; arguments [org.springframework.context.support.DefaultMessageSourceResolvable: codes [employee.name,name]; arguments []; default message [name]]; default message [Name should not be empty]] ]
2025-02-26T17:37:20.470+05:30  WARN 93750 --- [cg-EmployeePayrollApp] [http-nio-8080-exec-2] .w.s.m.s.DefaultHandlerExceptionResolver : Resolved [org.springframework.web.bind.MethodArgumentNotValidException: Validation failed for argument [0] in public org.bridgelabz.siddhu.cgemployeepayrollapp.dto.Employee org.bridgelabz.siddhu.cgemployeepayrollapp.controller.EmployeeRestController.addEmployee(org.bridgelabz.siddhu.cgemployeepayrollapp.dto.Employee) with 2 errors: [Field error in object 'employee' on field 'name': rejected value []; codes [NotBlank.employee.name,NotBlank.name,NotBlank.java.lang.String,NotBlank]; arguments [org.springframework.context.support.DefaultMessageSourceResolvable: codes [employee.name,name]; arguments []; default message [name]]; default message [Name should not be empty]] [Field error in object 'employee' on field 'name': rejected value []; codes [Pattern.employee.name,Pattern.name,Pattern.java.lang.String,Pattern]; arguments [org.springframework.context.support.DefaultMessageSourceResolvable: codes [employee.name,name]; arguments []; default message [name],[Ljakarta.validation.constraints.Pattern$Flag;@8304eae,^[A-Za-z ]+$]; default message [Only alphabets and space allowed]] ]
2025-02-26T18:44:41.491+05:30  WARN 93750 --- [cg-EmployeePayrollApp] [HikariPool-1 housekeeper] com.zaxxer.hikari.pool.HikariPool        : HikariPool-1 - Thread starvation or clock leap detected (housekeeper delta=32m31s429ms).
2025-02-26T18:58:38.680+05:30  WARN 93750 --- [cg-EmployeePayrollApp] [HikariPool-1 housekeeper] com.zaxxer.hikari.pool.HikariPool        : HikariPool-1 - Thread starvation or clock leap detected (housekeeper delta=13m57s198ms).
2025-02-26T19:56:40.913+05:30  WARN 93750 --- [cg-EmployeePayrollApp] [HikariPool-1 housekeeper] com.zaxxer.hikari.pool.HikariPool        : HikariPool-1 - Thread starvation or clock leap detected (housekeeper delta=3m31s553ms).
2025-02-26T20:00:10.960+05:30  WARN 93750 --- [cg-EmployeePayrollApp] [HikariPool-1 housekeeper] com.zaxxer.hikari.pool.HikariPool        : HikariPool-1 - Thread starvation or clock leap detected (housekeeper delta=3m30s47ms).
2025-02-26T20:03:43.407+05:30  WARN 93750 --- [cg-EmployeePayrollApp] [HikariPool-1 housekeeper] com.zaxxer.hikari.pool.HikariPool        : HikariPool-1 - Thread starvation or clock leap detected (housekeeper delta=3m32s447ms).
2025-02-26T20:11:36.117+05:30  WARN 93750 --- [cg-EmployeePayrollApp] [HikariPool-1 housekeeper] com.zaxxer.hikari.pool.HikariPool        : HikariPool-1 - Thread starvation or clock leap detected (housekeeper delta=7m52s710ms).
2025-02-26T20:17:38.544+05:30  WARN 93750 --- [cg-EmployeePayrollApp] [HikariPool-1 housekeeper] com.zaxxer.hikari.pool.HikariPool        : HikariPool-1 - Thread starvation or clock leap detected (housekeeper delta=6m2s427ms).
2025-02-26T20:50:23.495+05:30  WARN 93750 --- [cg-EmployeePayrollApp] [HikariPool-1 housekeeper] com.zaxxer.hikari.pool.HikariPool        : HikariPool-1 - Thread starvation or clock leap detected (housekeeper delta=32m44s951ms).
2025-02-26T21:01:24.602+05:30  WARN 93750 --- [cg-EmployeePayrollApp] [HikariPool-1 housekeeper] com.zaxxer.hikari.pool.HikariPool        : HikariPool-1 - Thread starvation or clock leap detected (housekeeper delta=11m1s107ms).
2025-02-26T21:03:07.802+05:30  WARN 93750 --- [cg-EmployeePayrollApp] [HikariPool-1 housekeeper] com.zaxxer.hikari.pool.HikariPool        : HikariPool-1 - Thread starvation or clock leap detected (housekeeper delta=1m43s200ms).
2025-02-26T21:14:10.797+05:30  WARN 93750 --- [cg-EmployeePayrollApp] [HikariPool-1 housekeeper] com.zaxxer.hikari.pool.HikariPool        : HikariPool-1 - Thread starvation or clock leap detected (housekeeper delta=11m2s995ms).
2025-02-27T12:54:36.532+05:30  INFO 2302 --- [cg-EmployeePayrollApp] [main] o.b.s.c.CgEmployeePayrollAppApplication  : Starting CgEmployeePayrollAppApplication using Java 23.0.2 with PID 2302 (/Users/siddhu/Desktop/cg-tut/cg-EmployeePayrollApp/target/classes started by siddhu in /Users/siddhu/Desktop/cg-tut/cg-EmployeePayrollApp)
2025-02-27T12:54:36.533+05:30  INFO 2302 --- [cg-EmployeePayrollApp] [main] o.b.s.c.CgEmployeePayrollAppApplication  : No active profile set, falling back to 1 default profile: "default"
2025-02-27T12:54:36.796+05:30  INFO 2302 --- [cg-EmployeePayrollApp] [main] .s.d.r.c.RepositoryConfigurationDelegate : Bootstrapping Spring Data JPA repositories in DEFAULT mode.
2025-02-27T12:54:36.818+05:30  INFO 2302 --- [cg-EmployeePayrollApp] [main] .s.d.r.c.RepositoryConfigurationDelegate : Finished Spring Data repository scanning in 18 ms. Found 1 JPA repository interface.
2025-02-27T12:54:36.999+05:30  INFO 2302 --- [cg-EmployeePayrollApp] [main] o.s.b.w.embedded.tomcat.TomcatWebServer  : Tomcat initialized with port 8080 (http)
2025-02-27T12:54:37.006+05:30  INFO 2302 --- [cg-EmployeePayrollApp] [main] o.apache.catalina.core.StandardService   : Starting service [Tomcat]
2025-02-27T12:54:37.006+05:30  INFO 2302 --- [cg-EmployeePayrollApp] [main] o.apache.catalina.core.StandardEngine    : Starting Servlet engine: [Apache Tomcat/10.1.36]
2025-02-27T12:54:37.025+05:30  INFO 2302 --- [cg-EmployeePayrollApp] [main] o.a.c.c.C.[Tomcat].[localhost].[/]       : Initializing Spring embedded WebApplicationContext
2025-02-27T12:54:37.025+05:30  INFO 2302 --- [cg-EmployeePayrollApp] [main] w.s.c.ServletWebServerApplicationContext : Root WebApplicationContext: initialization completed in 474 ms
2025-02-27T12:54:37.092+05:30  INFO 2302 --- [cg-EmployeePayrollApp] [main] o.hibernate.jpa.internal.util.LogHelper  : HHH000204: Processing PersistenceUnitInfo [name: default]
2025-02-27T12:54:37.121+05:30  INFO 2302 --- [cg-EmployeePayrollApp] [main] org.hibernate.Version                    : HHH000412: Hibernate ORM core version 6.6.8.Final
2025-02-27T12:54:37.134+05:30  INFO 2302 --- [cg-EmployeePayrollApp] [main] o.h.c.internal.RegionFactoryInitiator    : HHH000026: Second-level cache disabled
2025-02-27T12:54:37.253+05:30  INFO 2302 --- [cg-EmployeePayrollApp] [main] o.s.o.j.p.SpringPersistenceUnitInfo      : No LoadTimeWeaver setup: ignoring JPA class transformer
2025-02-27T12:54:37.267+05:30  INFO 2302 --- [cg-EmployeePayrollApp] [main] com.zaxxer.hikari.HikariDataSource       : HikariPool-1 - Starting...
2025-02-27T12:54:37.486+05:30  INFO 2302 --- [cg-EmployeePayrollApp] [main] com.zaxxer.hikari.pool.HikariPool        : HikariPool-1 - Added connection com.mysql.cj.jdbc.ConnectionImpl@2335aef2
2025-02-27T12:54:37.487+05:30  INFO 2302 --- [cg-EmployeePayrollApp] [main] com.zaxxer.hikari.HikariDataSource       : HikariPool-1 - Start completed.
2025-02-27T12:54:37.521+05:30  WARN 2302 --- [cg-EmployeePayrollApp] [main] org.hibernate.orm.deprecation            : HHH90000025: MySQL8Dialect does not need to be specified explicitly using 'hibernate.dialect' (remove the property setting and it will be selected by default)
2025-02-27T12:54:37.522+05:30  WARN 2302 --- [cg-EmployeePayrollApp] [main] org.hibernate.orm.deprecation            : HHH90000026: MySQL8Dialect has been deprecated; use org.hibernate.dialect.MySQLDialect instead
2025-02-27T12:54:37.529+05:30  INFO 2302 --- [cg-EmployeePayrollApp] [main] org.hibernate.orm.connections.pooling    : HHH10001005: Database info:
	Database JDBC URL [Connecting through datasource 'HikariDataSource (HikariPool-1)']
	Database driver: undefined/unknown
	Database version: 8.0
	Autocommit mode: undefined/unknown
	Isolation level: undefined/unknown
	Minimum pool size: undefined/unknown
	Maximum pool size: undefined/unknown
2025-02-27T12:54:37.860+05:30  INFO 2302 --- [cg-EmployeePayrollApp] [main] o.h.e.t.j.p.i.JtaPlatformInitiator       : HHH000489: No JTA platform available (set 'hibernate.transaction.jta.platform' to enable JTA platform integration)
2025-02-27T12:54:37.971+05:30  INFO 2302 --- [cg-EmployeePayrollApp] [main] j.LocalContainerEntityManagerFactoryBean : Initialized JPA EntityManagerFactory for persistence unit 'default'
2025-02-27T12:54:38.067+05:30  WARN 2302 --- [cg-EmployeePayrollApp] [main] JpaBaseConfiguration$JpaWebConfiguration : spring.jpa.open-in-view is enabled by default. Therefore, database queries may be performed during view rendering. Explicitly configure spring.jpa.open-in-view to disable this warning
2025-02-27T12:54:38.219+05:30  WARN 2302 --- [cg-EmployeePayrollApp] [main] ConfigServletWebServerApplicationContext : Exception encountered during context initialization - cancelling refresh attempt: org.springframework.context.ApplicationContextException: Failed to start bean 'webServerStartStop'
2025-02-27T12:54:38.220+05:30  INFO 2302 --- [cg-EmployeePayrollApp] [main] j.LocalContainerEntityManagerFactoryBean : Closing JPA EntityManagerFactory for persistence unit 'default'
2025-02-27T12:54:38.220+05:30  INFO 2302 --- [cg-EmployeePayrollApp] [main] com.zaxxer.hikari.HikariDataSource       : HikariPool-1 - Shutdown initiated...
2025-02-27T12:54:38.224+05:30  INFO 2302 --- [cg-EmployeePayrollApp] [main] com.zaxxer.hikari.HikariDataSource       : HikariPool-1 - Shutdown completed.
2025-02-27T12:54:38.229+05:30  INFO 2302 --- [cg-EmployeePayrollApp] [main] .s.b.a.l.ConditionEvaluationReportLogger : 

Error starting ApplicationContext. To display the condition evaluation report re-run your application with 'debug' enabled.
2025-02-27T12:54:38.235+05:30 ERROR 2302 --- [cg-EmployeePayrollApp] [main] o.s.b.d.LoggingFailureAnalysisReporter   : 

***************************
APPLICATION FAILED TO START
***************************

Description:

Web server failed to start. Port 8080 was already in use.

Action:

Identify and stop the process that's listening on port 8080 or configure this application to listen on another port.

2025-02-27T12:55:33.753+05:30  INFO 2841 --- [cg-EmployeePayrollApp] [main] o.b.s.c.CgEmployeePayrollAppApplication  : Starting CgEmployeePayrollAppApplication using Java 23.0.2 with PID 2841 (/Users/siddhu/Desktop/cg-tut/cg-EmployeePayrollApp/target/classes started by siddhu in /Users/siddhu/Desktop/cg-tut/cg-EmployeePayrollApp)
2025-02-27T12:55:33.754+05:30  INFO 2841 --- [cg-EmployeePayrollApp] [main] o.b.s.c.CgEmployeePayrollAppApplication  : No active profile set, falling back to 1 default profile: "default"
2025-02-27T12:55:34.038+05:30  INFO 2841 --- [cg-EmployeePayrollApp] [main] .s.d.r.c.RepositoryConfigurationDelegate : Bootstrapping Spring Data JPA repositories in DEFAULT mode.
2025-02-27T12:55:34.057+05:30  INFO 2841 --- [cg-EmployeePayrollApp] [main] .s.d.r.c.RepositoryConfigurationDelegate : Finished Spring Data repository scanning in 15 ms. Found 1 JPA repository interface.
2025-02-27T12:55:34.240+05:30  INFO 2841 --- [cg-EmployeePayrollApp] [main] o.s.b.w.embedded.tomcat.TomcatWebServer  : Tomcat initialized with port 8080 (http)
2025-02-27T12:55:34.246+05:30  INFO 2841 --- [cg-EmployeePayrollApp] [main] o.apache.catalina.core.StandardService   : Starting service [Tomcat]
2025-02-27T12:55:34.246+05:30  INFO 2841 --- [cg-EmployeePayrollApp] [main] o.apache.catalina.core.StandardEngine    : Starting Servlet engine: [Apache Tomcat/10.1.36]
2025-02-27T12:55:34.269+05:30  INFO 2841 --- [cg-EmployeePayrollApp] [main] o.a.c.c.C.[Tomcat].[localhost].[/]       : Initializing Spring embedded WebApplicationContext
2025-02-27T12:55:34.269+05:30  INFO 2841 --- [cg-EmployeePayrollApp] [main] w.s.c.ServletWebServerApplicationContext : Root WebApplicationContext: initialization completed in 494 ms
2025-02-27T12:55:34.337+05:30  INFO 2841 --- [cg-EmployeePayrollApp] [main] o.hibernate.jpa.internal.util.LogHelper  : HHH000204: Processing PersistenceUnitInfo [name: default]
2025-02-27T12:55:34.363+05:30  INFO 2841 --- [cg-EmployeePayrollApp] [main] org.hibernate.Version                    : HHH000412: Hibernate ORM core version 6.6.8.Final
2025-02-27T12:55:34.376+05:30  INFO 2841 --- [cg-EmployeePayrollApp] [main] o.h.c.internal.RegionFactoryInitiator    : HHH000026: Second-level cache disabled
2025-02-27T12:55:34.495+05:30  INFO 2841 --- [cg-EmployeePayrollApp] [main] o.s.o.j.p.SpringPersistenceUnitInfo      : No LoadTimeWeaver setup: ignoring JPA class transformer
2025-02-27T12:55:34.512+05:30  INFO 2841 --- [cg-EmployeePayrollApp] [main] com.zaxxer.hikari.HikariDataSource       : HikariPool-1 - Starting...
2025-02-27T12:55:34.716+05:30  INFO 2841 --- [cg-EmployeePayrollApp] [main] com.zaxxer.hikari.pool.HikariPool        : HikariPool-1 - Added connection com.mysql.cj.jdbc.ConnectionImpl@527d48db
2025-02-27T12:55:34.717+05:30  INFO 2841 --- [cg-EmployeePayrollApp] [main] com.zaxxer.hikari.HikariDataSource       : HikariPool-1 - Start completed.
2025-02-27T12:55:34.747+05:30  WARN 2841 --- [cg-EmployeePayrollApp] [main] org.hibernate.orm.deprecation            : HHH90000025: MySQL8Dialect does not need to be specified explicitly using 'hibernate.dialect' (remove the property setting and it will be selected by default)
2025-02-27T12:55:34.748+05:30  WARN 2841 --- [cg-EmployeePayrollApp] [main] org.hibernate.orm.deprecation            : HHH90000026: MySQL8Dialect has been deprecated; use org.hibernate.dialect.MySQLDialect instead
2025-02-27T12:55:34.754+05:30  INFO 2841 --- [cg-EmployeePayrollApp] [main] org.hibernate.orm.connections.pooling    : HHH10001005: Database info:
	Database JDBC URL [Connecting through datasource 'HikariDataSource (HikariPool-1)']
	Database driver: undefined/unknown
	Database version: 8.0
	Autocommit mode: undefined/unknown
	Isolation level: undefined/unknown
	Minimum pool size: undefined/unknown
	Maximum pool size: undefined/unknown
2025-02-27T12:55:35.095+05:30  INFO 2841 --- [cg-EmployeePayrollApp] [main] o.h.e.t.j.p.i.JtaPlatformInitiator       : HHH000489: No JTA platform available (set 'hibernate.transaction.jta.platform' to enable JTA platform integration)
2025-02-27T12:55:35.136+05:30  INFO 2841 --- [cg-EmployeePayrollApp] [main] j.LocalContainerEntityManagerFactoryBean : Initialized JPA EntityManagerFactory for persistence unit 'default'
2025-02-27T12:55:35.229+05:30  WARN 2841 --- [cg-EmployeePayrollApp] [main] JpaBaseConfiguration$JpaWebConfiguration : spring.jpa.open-in-view is enabled by default. Therefore, database queries may be performed during view rendering. Explicitly configure spring.jpa.open-in-view to disable this warning
2025-02-27T12:55:35.386+05:30  INFO 2841 --- [cg-EmployeePayrollApp] [main] o.s.b.w.embedded.tomcat.TomcatWebServer  : Tomcat started on port 8080 (http) with context path '/'
2025-02-27T12:55:35.390+05:30  INFO 2841 --- [cg-EmployeePayrollApp] [main] o.b.s.c.CgEmployeePayrollAppApplication  : Started CgEmployeePayrollAppApplication in 1.828 seconds (process running for 2.186)
2025-02-27T12:55:39.031+05:30  INFO 2841 --- [cg-EmployeePayrollApp] [http-nio-8080-exec-1] o.a.c.c.C.[Tomcat].[localhost].[/]       : Initializing Spring DispatcherServlet 'dispatcherServlet'
2025-02-27T12:55:39.031+05:30  INFO 2841 --- [cg-EmployeePayrollApp] [http-nio-8080-exec-1] o.s.web.servlet.DispatcherServlet        : Initializing Servlet 'dispatcherServlet'
2025-02-27T12:55:39.034+05:30  INFO 2841 --- [cg-EmployeePayrollApp] [http-nio-8080-exec-1] o.s.web.servlet.DispatcherServlet        : Completed initialization in 3 ms
2025-02-27T12:56:50.044+05:30  INFO 2841 --- [cg-EmployeePayrollApp] [SpringApplicationShutdownHook] o.s.b.w.e.tomcat.GracefulShutdown        : Commencing graceful shutdown. Waiting for active requests to complete
2025-02-27T12:56:50.054+05:30  INFO 2841 --- [cg-EmployeePayrollApp] [tomcat-shutdown] o.s.b.w.e.tomcat.GracefulShutdown        : Graceful shutdown complete
2025-02-27T12:56:50.065+05:30  INFO 2841 --- [cg-EmployeePayrollApp] [SpringApplicationShutdownHook] j.LocalContainerEntityManagerFactoryBean : Closing JPA EntityManagerFactory for persistence unit 'default'
2025-02-27T12:56:50.068+05:30  INFO 2841 --- [cg-EmployeePayrollApp] [SpringApplicationShutdownHook] com.zaxxer.hikari.HikariDataSource       : HikariPool-1 - Shutdown initiated...
2025-02-27T12:56:50.083+05:30  INFO 2841 --- [cg-EmployeePayrollApp] [SpringApplicationShutdownHook] com.zaxxer.hikari.HikariDataSource       : HikariPool-1 - Shutdown completed.
2025-02-27T12:56:52.407+05:30  INFO 2869 --- [cg-EmployeePayrollApp] [main] o.b.s.c.CgEmployeePayrollAppApplication  : Starting CgEmployeePayrollAppApplication using Java 23.0.2 with PID 2869 (/Users/siddhu/Desktop/cg-tut/cg-EmployeePayrollApp/target/classes started by siddhu in /Users/siddhu/Desktop/cg-tut/cg-EmployeePayrollApp)
2025-02-27T12:56:52.408+05:30  INFO 2869 --- [cg-EmployeePayrollApp] [main] o.b.s.c.CgEmployeePayrollAppApplication  : No active profile set, falling back to 1 default profile: "default"
2025-02-27T12:56:52.712+05:30  INFO 2869 --- [cg-EmployeePayrollApp] [main] .s.d.r.c.RepositoryConfigurationDelegate : Bootstrapping Spring Data JPA repositories in DEFAULT mode.
2025-02-27T12:56:52.733+05:30  INFO 2869 --- [cg-EmployeePayrollApp] [main] .s.d.r.c.RepositoryConfigurationDelegate : Finished Spring Data repository scanning in 18 ms. Found 1 JPA repository interface.
2025-02-27T12:56:52.936+05:30  INFO 2869 --- [cg-EmployeePayrollApp] [main] o.s.b.w.embedded.tomcat.TomcatWebServer  : Tomcat initialized with port 8080 (http)
2025-02-27T12:56:52.942+05:30  INFO 2869 --- [cg-EmployeePayrollApp] [main] o.apache.catalina.core.StandardService   : Starting service [Tomcat]
2025-02-27T12:56:52.942+05:30  INFO 2869 --- [cg-EmployeePayrollApp] [main] o.apache.catalina.core.StandardEngine    : Starting Servlet engine: [Apache Tomcat/10.1.36]
2025-02-27T12:56:52.957+05:30  INFO 2869 --- [cg-EmployeePayrollApp] [main] o.a.c.c.C.[Tomcat].[localhost].[/]       : Initializing Spring embedded WebApplicationContext
2025-02-27T12:56:52.958+05:30  INFO 2869 --- [cg-EmployeePayrollApp] [main] w.s.c.ServletWebServerApplicationContext : Root WebApplicationContext: initialization completed in 528 ms
2025-02-27T12:56:53.021+05:30  INFO 2869 --- [cg-EmployeePayrollApp] [main] o.hibernate.jpa.internal.util.LogHelper  : HHH000204: Processing PersistenceUnitInfo [name: default]
2025-02-27T12:56:53.048+05:30  INFO 2869 --- [cg-EmployeePayrollApp] [main] org.hibernate.Version                    : HHH000412: Hibernate ORM core version 6.6.8.Final
2025-02-27T12:56:53.061+05:30  INFO 2869 --- [cg-EmployeePayrollApp] [main] o.h.c.internal.RegionFactoryInitiator    : HHH000026: Second-level cache disabled
2025-02-27T12:56:53.176+05:30  INFO 2869 --- [cg-EmployeePayrollApp] [main] o.s.o.j.p.SpringPersistenceUnitInfo      : No LoadTimeWeaver setup: ignoring JPA class transformer
2025-02-27T12:56:53.189+05:30  INFO 2869 --- [cg-EmployeePayrollApp] [main] com.zaxxer.hikari.HikariDataSource       : HikariPool-1 - Starting...
2025-02-27T12:56:53.404+05:30  INFO 2869 --- [cg-EmployeePayrollApp] [main] com.zaxxer.hikari.pool.HikariPool        : HikariPool-1 - Added connection com.mysql.cj.jdbc.ConnectionImpl@7b79ff1c
2025-02-27T12:56:53.405+05:30  INFO 2869 --- [cg-EmployeePayrollApp] [main] com.zaxxer.hikari.HikariDataSource       : HikariPool-1 - Start completed.
2025-02-27T12:56:53.435+05:30  WARN 2869 --- [cg-EmployeePayrollApp] [main] org.hibernate.orm.deprecation            : HHH90000025: MySQL8Dialect does not need to be specified explicitly using 'hibernate.dialect' (remove the property setting and it will be selected by default)
2025-02-27T12:56:53.436+05:30  WARN 2869 --- [cg-EmployeePayrollApp] [main] org.hibernate.orm.deprecation            : HHH90000026: MySQL8Dialect has been deprecated; use org.hibernate.dialect.MySQLDialect instead
2025-02-27T12:56:53.443+05:30  INFO 2869 --- [cg-EmployeePayrollApp] [main] org.hibernate.orm.connections.pooling    : HHH10001005: Database info:
	Database JDBC URL [Connecting through datasource 'HikariDataSource (HikariPool-1)']
	Database driver: undefined/unknown
	Database version: 8.0
	Autocommit mode: undefined/unknown
	Isolation level: undefined/unknown
	Minimum pool size: undefined/unknown
	Maximum pool size: undefined/unknown
2025-02-27T12:56:53.765+05:30  INFO 2869 --- [cg-EmployeePayrollApp] [main] o.h.e.t.j.p.i.JtaPlatformInitiator       : HHH000489: No JTA platform available (set 'hibernate.transaction.jta.platform' to enable JTA platform integration)
2025-02-27T12:56:53.802+05:30  INFO 2869 --- [cg-EmployeePayrollApp] [main] j.LocalContainerEntityManagerFactoryBean : Initialized JPA EntityManagerFactory for persistence unit 'default'
2025-02-27T12:56:53.894+05:30  WARN 2869 --- [cg-EmployeePayrollApp] [main] JpaBaseConfiguration$JpaWebConfiguration : spring.jpa.open-in-view is enabled by default. Therefore, database queries may be performed during view rendering. Explicitly configure spring.jpa.open-in-view to disable this warning
2025-02-27T12:56:54.051+05:30  INFO 2869 --- [cg-EmployeePayrollApp] [main] o.s.b.w.embedded.tomcat.TomcatWebServer  : Tomcat started on port 8080 (http) with context path '/'
2025-02-27T12:56:54.055+05:30  INFO 2869 --- [cg-EmployeePayrollApp] [main] o.b.s.c.CgEmployeePayrollAppApplication  : Started CgEmployeePayrollAppApplication in 1.841 seconds (process running for 2.255)
2025-02-27T12:56:55.880+05:30  INFO 2869 --- [cg-EmployeePayrollApp] [http-nio-8080-exec-1] o.a.c.c.C.[Tomcat].[localhost].[/]       : Initializing Spring DispatcherServlet 'dispatcherServlet'
2025-02-27T12:56:55.880+05:30  INFO 2869 --- [cg-EmployeePayrollApp] [http-nio-8080-exec-1] o.s.web.servlet.DispatcherServlet        : Initializing Servlet 'dispatcherServlet'
2025-02-27T12:56:55.882+05:30  INFO 2869 --- [cg-EmployeePayrollApp] [http-nio-8080-exec-1] o.s.web.servlet.DispatcherServlet        : Completed initialization in 2 ms
2025-02-27T13:05:31.267+05:30  INFO 3415 --- [cg-EmployeePayrollApp] [main] o.b.s.c.CgEmployeePayrollAppApplication  : Starting CgEmployeePayrollAppApplication using Java 23.0.2 with PID 3415 (/Users/siddhu/Desktop/cg-tut/cg-EmployeePayrollApp/target/classes started by siddhu in /Users/siddhu/Desktop/cg-tut/cg-EmployeePayrollApp)
2025-02-27T13:05:31.268+05:30  INFO 3415 --- [cg-EmployeePayrollApp] [main] o.b.s.c.CgEmployeePayrollAppApplication  : No active profile set, falling back to 1 default profile: "default"
2025-02-27T13:05:31.527+05:30  INFO 3415 --- [cg-EmployeePayrollApp] [main] .s.d.r.c.RepositoryConfigurationDelegate : Bootstrapping Spring Data JPA repositories in DEFAULT mode.
2025-02-27T13:05:31.547+05:30  INFO 3415 --- [cg-EmployeePayrollApp] [main] .s.d.r.c.RepositoryConfigurationDelegate : Finished Spring Data repository scanning in 16 ms. Found 1 JPA repository interface.
2025-02-27T13:05:31.724+05:30  INFO 3415 --- [cg-EmployeePayrollApp] [main] o.s.b.w.embedded.tomcat.TomcatWebServer  : Tomcat initialized with port 8080 (http)
2025-02-27T13:05:31.730+05:30  INFO 3415 --- [cg-EmployeePayrollApp] [main] o.apache.catalina.core.StandardService   : Starting service [Tomcat]
2025-02-27T13:05:31.730+05:30  INFO 3415 --- [cg-EmployeePayrollApp] [main] o.apache.catalina.core.StandardEngine    : Starting Servlet engine: [Apache Tomcat/10.1.36]
2025-02-27T13:05:31.747+05:30  INFO 3415 --- [cg-EmployeePayrollApp] [main] o.a.c.c.C.[Tomcat].[localhost].[/]       : Initializing Spring embedded WebApplicationContext
2025-02-27T13:05:31.747+05:30  INFO 3415 --- [cg-EmployeePayrollApp] [main] w.s.c.ServletWebServerApplicationContext : Root WebApplicationContext: initialization completed in 462 ms
2025-02-27T13:05:31.809+05:30  INFO 3415 --- [cg-EmployeePayrollApp] [main] o.hibernate.jpa.internal.util.LogHelper  : HHH000204: Processing PersistenceUnitInfo [name: default]
2025-02-27T13:05:31.836+05:30  INFO 3415 --- [cg-EmployeePayrollApp] [main] org.hibernate.Version                    : HHH000412: Hibernate ORM core version 6.6.8.Final
2025-02-27T13:05:31.849+05:30  INFO 3415 --- [cg-EmployeePayrollApp] [main] o.h.c.internal.RegionFactoryInitiator    : HHH000026: Second-level cache disabled
2025-02-27T13:05:32.013+05:30  INFO 3415 --- [cg-EmployeePayrollApp] [main] o.s.o.j.p.SpringPersistenceUnitInfo      : No LoadTimeWeaver setup: ignoring JPA class transformer
2025-02-27T13:05:32.026+05:30  INFO 3415 --- [cg-EmployeePayrollApp] [main] com.zaxxer.hikari.HikariDataSource       : HikariPool-1 - Starting...
2025-02-27T13:05:32.271+05:30  INFO 3415 --- [cg-EmployeePayrollApp] [main] com.zaxxer.hikari.pool.HikariPool        : HikariPool-1 - Added connection com.mysql.cj.jdbc.ConnectionImpl@2e40fdbd
2025-02-27T13:05:32.271+05:30  INFO 3415 --- [cg-EmployeePayrollApp] [main] com.zaxxer.hikari.HikariDataSource       : HikariPool-1 - Start completed.
2025-02-27T13:05:32.303+05:30  WARN 3415 --- [cg-EmployeePayrollApp] [main] org.hibernate.orm.deprecation            : HHH90000025: MySQL8Dialect does not need to be specified explicitly using 'hibernate.dialect' (remove the property setting and it will be selected by default)
2025-02-27T13:05:32.303+05:30  WARN 3415 --- [cg-EmployeePayrollApp] [main] org.hibernate.orm.deprecation            : HHH90000026: MySQL8Dialect has been deprecated; use org.hibernate.dialect.MySQLDialect instead
2025-02-27T13:05:32.314+05:30  INFO 3415 --- [cg-EmployeePayrollApp] [main] org.hibernate.orm.connections.pooling    : HHH10001005: Database info:
	Database JDBC URL [Connecting through datasource 'HikariDataSource (HikariPool-1)']
	Database driver: undefined/unknown
	Database version: 8.0
	Autocommit mode: undefined/unknown
	Isolation level: undefined/unknown
	Minimum pool size: undefined/unknown
	Maximum pool size: undefined/unknown
2025-02-27T13:05:32.644+05:30  INFO 3415 --- [cg-EmployeePayrollApp] [main] o.h.e.t.j.p.i.JtaPlatformInitiator       : HHH000489: No JTA platform available (set 'hibernate.transaction.jta.platform' to enable JTA platform integration)
2025-02-27T13:05:32.691+05:30  INFO 3415 --- [cg-EmployeePayrollApp] [main] j.LocalContainerEntityManagerFactoryBean : Initialized JPA EntityManagerFactory for persistence unit 'default'
2025-02-27T13:05:32.907+05:30  WARN 3415 --- [cg-EmployeePayrollApp] [main] JpaBaseConfiguration$JpaWebConfiguration : spring.jpa.open-in-view is enabled by default. Therefore, database queries may be performed during view rendering. Explicitly configure spring.jpa.open-in-view to disable this warning
2025-02-27T13:05:33.073+05:30  INFO 3415 --- [cg-EmployeePayrollApp] [main] o.s.b.w.embedded.tomcat.TomcatWebServer  : Tomcat started on port 8080 (http) with context path '/'
2025-02-27T13:05:33.077+05:30  INFO 3415 --- [cg-EmployeePayrollApp] [main] o.b.s.c.CgEmployeePayrollAppApplication  : Started CgEmployeePayrollAppApplication in 1.978 seconds (process running for 2.286)
2025-02-27T13:05:34.905+05:30  INFO 3415 --- [cg-EmployeePayrollApp] [http-nio-8080-exec-2] o.a.c.c.C.[Tomcat].[localhost].[/]       : Initializing Spring DispatcherServlet 'dispatcherServlet'
2025-02-27T13:05:34.905+05:30  INFO 3415 --- [cg-EmployeePayrollApp] [http-nio-8080-exec-2] o.s.web.servlet.DispatcherServlet        : Initializing Servlet 'dispatcherServlet'
2025-02-27T13:05:34.906+05:30  INFO 3415 --- [cg-EmployeePayrollApp] [http-nio-8080-exec-2] o.s.web.servlet.DispatcherServlet        : Completed initialization in 1 ms
2025-02-27T13:05:34.923+05:30  INFO 3415 --- [cg-EmployeePayrollApp] [http-nio-8080-exec-2] o.b.s.c.c.EmployeeRestController         : Fetching all employees
2025-02-27T13:05:37.491+05:30  INFO 3415 --- [cg-EmployeePayrollApp] [http-nio-8080-exec-3] o.b.s.c.c.EmployeeRestController         : Fetching employee with ID=20
2025-02-27T13:07:52.929+05:30  INFO 3415 --- [cg-EmployeePayrollApp] [SpringApplicationShutdownHook] o.s.b.w.e.tomcat.GracefulShutdown        : Commencing graceful shutdown. Waiting for active requests to complete
2025-02-27T13:07:52.940+05:30  INFO 3415 --- [cg-EmployeePayrollApp] [tomcat-shutdown] o.s.b.w.e.tomcat.GracefulShutdown        : Graceful shutdown complete
2025-02-27T13:07:52.972+05:30  INFO 3415 --- [cg-EmployeePayrollApp] [SpringApplicationShutdownHook] j.LocalContainerEntityManagerFactoryBean : Closing JPA EntityManagerFactory for persistence unit 'default'
2025-02-27T13:07:52.977+05:30  INFO 3415 --- [cg-EmployeePayrollApp] [SpringApplicationShutdownHook] com.zaxxer.hikari.HikariDataSource       : HikariPool-1 - Shutdown initiated...
2025-02-27T13:07:52.995+05:30  INFO 3415 --- [cg-EmployeePayrollApp] [SpringApplicationShutdownHook] com.zaxxer.hikari.HikariDataSource       : HikariPool-1 - Shutdown completed.
2025-02-27T13:07:55.096+05:30  INFO 3465 --- [cg-EmployeePayrollApp] [main] o.b.s.c.CgEmployeePayrollAppApplication  : Starting CgEmployeePayrollAppApplication using Java 23.0.2 with PID 3465 (/Users/siddhu/Desktop/cg-tut/cg-EmployeePayrollApp/target/classes started by siddhu in /Users/siddhu/Desktop/cg-tut/cg-EmployeePayrollApp)
2025-02-27T13:07:55.097+05:30  INFO 3465 --- [cg-EmployeePayrollApp] [main] o.b.s.c.CgEmployeePayrollAppApplication  : No active profile set, falling back to 1 default profile: "default"
2025-02-27T13:07:55.362+05:30  INFO 3465 --- [cg-EmployeePayrollApp] [main] .s.d.r.c.RepositoryConfigurationDelegate : Bootstrapping Spring Data JPA repositories in DEFAULT mode.
2025-02-27T13:07:55.381+05:30  INFO 3465 --- [cg-EmployeePayrollApp] [main] .s.d.r.c.RepositoryConfigurationDelegate : Finished Spring Data repository scanning in 15 ms. Found 1 JPA repository interface.
2025-02-27T13:07:55.557+05:30  INFO 3465 --- [cg-EmployeePayrollApp] [main] o.s.b.w.embedded.tomcat.TomcatWebServer  : Tomcat initialized with port 8080 (http)
2025-02-27T13:07:55.563+05:30  INFO 3465 --- [cg-EmployeePayrollApp] [main] o.apache.catalina.core.StandardService   : Starting service [Tomcat]
2025-02-27T13:07:55.563+05:30  INFO 3465 --- [cg-EmployeePayrollApp] [main] o.apache.catalina.core.StandardEngine    : Starting Servlet engine: [Apache Tomcat/10.1.36]
2025-02-27T13:07:55.580+05:30  INFO 3465 --- [cg-EmployeePayrollApp] [main] o.a.c.c.C.[Tomcat].[localhost].[/]       : Initializing Spring embedded WebApplicationContext
2025-02-27T13:07:55.580+05:30  INFO 3465 --- [cg-EmployeePayrollApp] [main] w.s.c.ServletWebServerApplicationContext : Root WebApplicationContext: initialization completed in 462 ms
2025-02-27T13:07:55.645+05:30  INFO 3465 --- [cg-EmployeePayrollApp] [main] o.hibernate.jpa.internal.util.LogHelper  : HHH000204: Processing PersistenceUnitInfo [name: default]
2025-02-27T13:07:55.672+05:30  INFO 3465 --- [cg-EmployeePayrollApp] [main] org.hibernate.Version                    : HHH000412: Hibernate ORM core version 6.6.8.Final
2025-02-27T13:07:55.685+05:30  INFO 3465 --- [cg-EmployeePayrollApp] [main] o.h.c.internal.RegionFactoryInitiator    : HHH000026: Second-level cache disabled
2025-02-27T13:07:55.797+05:30  INFO 3465 --- [cg-EmployeePayrollApp] [main] o.s.o.j.p.SpringPersistenceUnitInfo      : No LoadTimeWeaver setup: ignoring JPA class transformer
2025-02-27T13:07:55.810+05:30  INFO 3465 --- [cg-EmployeePayrollApp] [main] com.zaxxer.hikari.HikariDataSource       : HikariPool-1 - Starting...
2025-02-27T13:07:56.025+05:30  INFO 3465 --- [cg-EmployeePayrollApp] [main] com.zaxxer.hikari.pool.HikariPool        : HikariPool-1 - Added connection com.mysql.cj.jdbc.ConnectionImpl@2f038d3c
2025-02-27T13:07:56.026+05:30  INFO 3465 --- [cg-EmployeePayrollApp] [main] com.zaxxer.hikari.HikariDataSource       : HikariPool-1 - Start completed.
2025-02-27T13:07:56.055+05:30  WARN 3465 --- [cg-EmployeePayrollApp] [main] org.hibernate.orm.deprecation            : HHH90000025: MySQL8Dialect does not need to be specified explicitly using 'hibernate.dialect' (remove the property setting and it will be selected by default)
2025-02-27T13:07:56.056+05:30  WARN 3465 --- [cg-EmployeePayrollApp] [main] org.hibernate.orm.deprecation            : HHH90000026: MySQL8Dialect has been deprecated; use org.hibernate.dialect.MySQLDialect instead
2025-02-27T13:07:56.062+05:30  INFO 3465 --- [cg-EmployeePayrollApp] [main] org.hibernate.orm.connections.pooling    : HHH10001005: Database info:
	Database JDBC URL [Connecting through datasource 'HikariDataSource (HikariPool-1)']
	Database driver: undefined/unknown
	Database version: 8.0
	Autocommit mode: undefined/unknown
	Isolation level: undefined/unknown
	Minimum pool size: undefined/unknown
	Maximum pool size: undefined/unknown
2025-02-27T13:07:56.408+05:30  INFO 3465 --- [cg-EmployeePayrollApp] [main] o.h.e.t.j.p.i.JtaPlatformInitiator       : HHH000489: No JTA platform available (set 'hibernate.transaction.jta.platform' to enable JTA platform integration)
2025-02-27T13:07:56.445+05:30  INFO 3465 --- [cg-EmployeePayrollApp] [main] j.LocalContainerEntityManagerFactoryBean : Initialized JPA EntityManagerFactory for persistence unit 'default'
2025-02-27T13:07:56.538+05:30  WARN 3465 --- [cg-EmployeePayrollApp] [main] JpaBaseConfiguration$JpaWebConfiguration : spring.jpa.open-in-view is enabled by default. Therefore, database queries may be performed during view rendering. Explicitly configure spring.jpa.open-in-view to disable this warning
2025-02-27T13:07:56.694+05:30  INFO 3465 --- [cg-EmployeePayrollApp] [main] o.s.b.w.embedded.tomcat.TomcatWebServer  : Tomcat started on port 8080 (http) with context path '/'
2025-02-27T13:07:56.698+05:30  INFO 3465 --- [cg-EmployeePayrollApp] [main] o.b.s.c.CgEmployeePayrollAppApplication  : Started CgEmployeePayrollAppApplication in 1.789 seconds (process running for 2.119)
2025-02-27T13:07:58.045+05:30  INFO 3465 --- [cg-EmployeePayrollApp] [http-nio-8080-exec-2] o.a.c.c.C.[Tomcat].[localhost].[/]       : Initializing Spring DispatcherServlet 'dispatcherServlet'
2025-02-27T13:07:58.046+05:30  INFO 3465 --- [cg-EmployeePayrollApp] [http-nio-8080-exec-2] o.s.web.servlet.DispatcherServlet        : Initializing Servlet 'dispatcherServlet'
2025-02-27T13:07:58.048+05:30  INFO 3465 --- [cg-EmployeePayrollApp] [http-nio-8080-exec-2] o.s.web.servlet.DispatcherServlet        : Completed initialization in 2 ms
2025-02-27T13:07:58.068+05:30  INFO 3465 --- [cg-EmployeePayrollApp] [http-nio-8080-exec-2] o.b.s.c.c.EmployeeRestController         : Fetching employee with ID=20
2025-02-27T13:07:59.118+05:30  INFO 3465 --- [cg-EmployeePayrollApp] [http-nio-8080-exec-3] o.b.s.c.c.EmployeeRestController         : Fetching employee with ID=20
2025-02-27T13:10:44.251+05:30  INFO 3465 --- [cg-EmployeePayrollApp] [SpringApplicationShutdownHook] o.s.b.w.e.tomcat.GracefulShutdown        : Commencing graceful shutdown. Waiting for active requests to complete
2025-02-27T13:10:44.257+05:30  INFO 3465 --- [cg-EmployeePayrollApp] [tomcat-shutdown] o.s.b.w.e.tomcat.GracefulShutdown        : Graceful shutdown complete
2025-02-27T13:10:44.261+05:30  INFO 3465 --- [cg-EmployeePayrollApp] [SpringApplicationShutdownHook] j.LocalContainerEntityManagerFactoryBean : Closing JPA EntityManagerFactory for persistence unit 'default'
2025-02-27T13:10:44.265+05:30  INFO 3465 --- [cg-EmployeePayrollApp] [SpringApplicationShutdownHook] com.zaxxer.hikari.HikariDataSource       : HikariPool-1 - Shutdown initiated...
2025-02-27T13:10:44.272+05:30  INFO 3465 --- [cg-EmployeePayrollApp] [SpringApplicationShutdownHook] com.zaxxer.hikari.HikariDataSource       : HikariPool-1 - Shutdown completed.
2025-02-27T13:10:46.581+05:30  INFO 3503 --- [cg-EmployeePayrollApp] [main] o.b.s.c.CgEmployeePayrollAppApplication  : Starting CgEmployeePayrollAppApplication using Java 23.0.2 with PID 3503 (/Users/siddhu/Desktop/cg-tut/cg-EmployeePayrollApp/target/classes started by siddhu in /Users/siddhu/Desktop/cg-tut/cg-EmployeePayrollApp)
2025-02-27T13:10:46.582+05:30  INFO 3503 --- [cg-EmployeePayrollApp] [main] o.b.s.c.CgEmployeePayrollAppApplication  : No active profile set, falling back to 1 default profile: "default"
2025-02-27T13:10:47.032+05:30  INFO 3503 --- [cg-EmployeePayrollApp] [main] .s.d.r.c.RepositoryConfigurationDelegate : Bootstrapping Spring Data JPA repositories in DEFAULT mode.
2025-02-27T13:10:47.053+05:30  INFO 3503 --- [cg-EmployeePayrollApp] [main] .s.d.r.c.RepositoryConfigurationDelegate : Finished Spring Data repository scanning in 16 ms. Found 1 JPA repository interface.
2025-02-27T13:10:47.253+05:30  INFO 3503 --- [cg-EmployeePayrollApp] [main] o.s.b.w.embedded.tomcat.TomcatWebServer  : Tomcat initialized with port 8080 (http)
2025-02-27T13:10:47.259+05:30  INFO 3503 --- [cg-EmployeePayrollApp] [main] o.apache.catalina.core.StandardService   : Starting service [Tomcat]
2025-02-27T13:10:47.259+05:30  INFO 3503 --- [cg-EmployeePayrollApp] [main] o.apache.catalina.core.StandardEngine    : Starting Servlet engine: [Apache Tomcat/10.1.36]
2025-02-27T13:10:47.274+05:30  INFO 3503 --- [cg-EmployeePayrollApp] [main] o.a.c.c.C.[Tomcat].[localhost].[/]       : Initializing Spring embedded WebApplicationContext
2025-02-27T13:10:47.274+05:30  INFO 3503 --- [cg-EmployeePayrollApp] [main] w.s.c.ServletWebServerApplicationContext : Root WebApplicationContext: initialization completed in 671 ms
2025-02-27T13:10:47.333+05:30  INFO 3503 --- [cg-EmployeePayrollApp] [main] o.hibernate.jpa.internal.util.LogHelper  : HHH000204: Processing PersistenceUnitInfo [name: default]
2025-02-27T13:10:47.360+05:30  INFO 3503 --- [cg-EmployeePayrollApp] [main] org.hibernate.Version                    : HHH000412: Hibernate ORM core version 6.6.8.Final
2025-02-27T13:10:47.372+05:30  INFO 3503 --- [cg-EmployeePayrollApp] [main] o.h.c.internal.RegionFactoryInitiator    : HHH000026: Second-level cache disabled
2025-02-27T13:10:47.483+05:30  INFO 3503 --- [cg-EmployeePayrollApp] [main] o.s.o.j.p.SpringPersistenceUnitInfo      : No LoadTimeWeaver setup: ignoring JPA class transformer
2025-02-27T13:10:47.500+05:30  INFO 3503 --- [cg-EmployeePayrollApp] [main] com.zaxxer.hikari.HikariDataSource       : HikariPool-1 - Starting...
2025-02-27T13:10:47.705+05:30  INFO 3503 --- [cg-EmployeePayrollApp] [main] com.zaxxer.hikari.pool.HikariPool        : HikariPool-1 - Added connection com.mysql.cj.jdbc.ConnectionImpl@7b79ff1c
2025-02-27T13:10:47.706+05:30  INFO 3503 --- [cg-EmployeePayrollApp] [main] com.zaxxer.hikari.HikariDataSource       : HikariPool-1 - Start completed.
2025-02-27T13:10:47.741+05:30  WARN 3503 --- [cg-EmployeePayrollApp] [main] org.hibernate.orm.deprecation            : HHH90000025: MySQL8Dialect does not need to be specified explicitly using 'hibernate.dialect' (remove the property setting and it will be selected by default)
2025-02-27T13:10:47.741+05:30  WARN 3503 --- [cg-EmployeePayrollApp] [main] org.hibernate.orm.deprecation            : HHH90000026: MySQL8Dialect has been deprecated; use org.hibernate.dialect.MySQLDialect instead
2025-02-27T13:10:47.748+05:30  INFO 3503 --- [cg-EmployeePayrollApp] [main] org.hibernate.orm.connections.pooling    : HHH10001005: Database info:
	Database JDBC URL [Connecting through datasource 'HikariDataSource (HikariPool-1)']
	Database driver: undefined/unknown
	Database version: 8.0
	Autocommit mode: undefined/unknown
	Isolation level: undefined/unknown
	Minimum pool size: undefined/unknown
	Maximum pool size: undefined/unknown
2025-02-27T13:10:48.078+05:30  INFO 3503 --- [cg-EmployeePayrollApp] [main] o.h.e.t.j.p.i.JtaPlatformInitiator       : HHH000489: No JTA platform available (set 'hibernate.transaction.jta.platform' to enable JTA platform integration)
2025-02-27T13:10:48.120+05:30  INFO 3503 --- [cg-EmployeePayrollApp] [main] j.LocalContainerEntityManagerFactoryBean : Initialized JPA EntityManagerFactory for persistence unit 'default'
2025-02-27T13:10:48.214+05:30  WARN 3503 --- [cg-EmployeePayrollApp] [main] JpaBaseConfiguration$JpaWebConfiguration : spring.jpa.open-in-view is enabled by default. Therefore, database queries may be performed during view rendering. Explicitly configure spring.jpa.open-in-view to disable this warning
2025-02-27T13:10:48.373+05:30  INFO 3503 --- [cg-EmployeePayrollApp] [main] o.s.b.w.embedded.tomcat.TomcatWebServer  : Tomcat started on port 8080 (http) with context path '/'
2025-02-27T13:10:48.377+05:30  INFO 3503 --- [cg-EmployeePayrollApp] [main] o.b.s.c.CgEmployeePayrollAppApplication  : Started CgEmployeePayrollAppApplication in 1.982 seconds (process running for 2.401)
2025-02-27T13:10:50.956+05:30  INFO 3503 --- [cg-EmployeePayrollApp] [http-nio-8080-exec-2] o.a.c.c.C.[Tomcat].[localhost].[/]       : Initializing Spring DispatcherServlet 'dispatcherServlet'
2025-02-27T13:10:50.959+05:30  INFO 3503 --- [cg-EmployeePayrollApp] [http-nio-8080-exec-2] o.s.web.servlet.DispatcherServlet        : Initializing Servlet 'dispatcherServlet'
2025-02-27T13:10:50.962+05:30  INFO 3503 --- [cg-EmployeePayrollApp] [http-nio-8080-exec-2] o.s.web.servlet.DispatcherServlet        : Completed initialization in 3 ms
2025-02-27T13:10:50.983+05:30  INFO 3503 --- [cg-EmployeePayrollApp] [http-nio-8080-exec-2] o.b.s.c.c.EmployeeRestController         : Fetching employee with ID=20
2025-02-27T13:10:51.019+05:30 ERROR 3503 --- [cg-EmployeePayrollApp] [http-nio-8080-exec-2] o.a.c.c.C.[.[.[/].[dispatcherServlet]    : Servlet.service() for servlet [dispatcherServlet] in context with path [] threw exception [Request processing failed: java.util.NoSuchElementException: No value present] with root cause

java.util.NoSuchElementException: No value present
	at java.base/java.util.Optional.get(Optional.java:143) ~[na:na]
	at org.bridgelabz.siddhu.cgemployeepayrollapp.service.EmployeeService.getEmployee(EmployeeService.java:29) ~[classes/:na]
	at org.bridgelabz.siddhu.cgemployeepayrollapp.controller.EmployeeRestController.getEmployeeById(EmployeeRestController.java:38) ~[classes/:na]
	at java.base/jdk.internal.reflect.DirectMethodHandleAccessor.invoke(DirectMethodHandleAccessor.java:103) ~[na:na]
	at java.base/java.lang.reflect.Method.invoke(Method.java:580) ~[na:na]
	at org.springframework.web.method.support.InvocableHandlerMethod.doInvoke(InvocableHandlerMethod.java:257) ~[spring-web-6.2.3.jar:6.2.3]
	at org.springframework.web.method.support.InvocableHandlerMethod.invokeForRequest(InvocableHandlerMethod.java:190) ~[spring-web-6.2.3.jar:6.2.3]
	at org.springframework.web.servlet.mvc.method.annotation.ServletInvocableHandlerMethod.invokeAndHandle(ServletInvocableHandlerMethod.java:118) ~[spring-webmvc-6.2.3.jar:6.2.3]
	at org.springframework.web.servlet.mvc.method.annotation.RequestMappingHandlerAdapter.invokeHandlerMethod(RequestMappingHandlerAdapter.java:986) ~[spring-webmvc-6.2.3.jar:6.2.3]
	at org.springframework.web.servlet.mvc.method.annotation.RequestMappingHandlerAdapter.handleInternal(RequestMappingHandlerAdapter.java:891) ~[spring-webmvc-6.2.3.jar:6.2.3]
	at org.springframework.web.servlet.mvc.method.AbstractHandlerMethodAdapter.handle(AbstractHandlerMethodAdapter.java:87) ~[spring-webmvc-6.2.3.jar:6.2.3]
	at org.springframework.web.servlet.DispatcherServlet.doDispatch(DispatcherServlet.java:1088) ~[spring-webmvc-6.2.3.jar:6.2.3]
	at org.springframework.web.servlet.DispatcherServlet.doService(DispatcherServlet.java:978) ~[spring-webmvc-6.2.3.jar:6.2.3]
	at org.springframework.web.servlet.FrameworkServlet.processRequest(FrameworkServlet.java:1014) ~[spring-webmvc-6.2.3.jar:6.2.3]
	at org.springframework.web.servlet.FrameworkServlet.doGet(FrameworkServlet.java:903) ~[spring-webmvc-6.2.3.jar:6.2.3]
	at jakarta.servlet.http.HttpServlet.service(HttpServlet.java:564) ~[tomcat-embed-core-10.1.36.jar:6.0]
	at org.springframework.web.servlet.FrameworkServlet.service(FrameworkServlet.java:885) ~[spring-webmvc-6.2.3.jar:6.2.3]
	at jakarta.servlet.http.HttpServlet.service(HttpServlet.java:658) ~[tomcat-embed-core-10.1.36.jar:6.0]
	at org.apache.catalina.core.ApplicationFilterChain.internalDoFilter(ApplicationFilterChain.java:195) ~[tomcat-embed-core-10.1.36.jar:10.1.36]
	at org.apache.catalina.core.ApplicationFilterChain.doFilter(ApplicationFilterChain.java:140) ~[tomcat-embed-core-10.1.36.jar:10.1.36]
	at org.apache.tomcat.websocket.server.WsFilter.doFilter(WsFilter.java:51) ~[tomcat-embed-websocket-10.1.36.jar:10.1.36]
	at org.apache.catalina.core.ApplicationFilterChain.internalDoFilter(ApplicationFilterChain.java:164) ~[tomcat-embed-core-10.1.36.jar:10.1.36]
	at org.apache.catalina.core.ApplicationFilterChain.doFilter(ApplicationFilterChain.java:140) ~[tomcat-embed-core-10.1.36.jar:10.1.36]
	at org.springframework.web.filter.RequestContextFilter.doFilterInternal(RequestContextFilter.java:100) ~[spring-web-6.2.3.jar:6.2.3]
	at org.springframework.web.filter.OncePerRequestFilter.doFilter(OncePerRequestFilter.java:116) ~[spring-web-6.2.3.jar:6.2.3]
	at org.apache.catalina.core.ApplicationFilterChain.internalDoFilter(ApplicationFilterChain.java:164) ~[tomcat-embed-core-10.1.36.jar:10.1.36]
	at org.apache.catalina.core.ApplicationFilterChain.doFilter(ApplicationFilterChain.java:140) ~[tomcat-embed-core-10.1.36.jar:10.1.36]
	at org.springframework.web.filter.FormContentFilter.doFilterInternal(FormContentFilter.java:93) ~[spring-web-6.2.3.jar:6.2.3]
	at org.springframework.web.filter.OncePerRequestFilter.doFilter(OncePerRequestFilter.java:116) ~[spring-web-6.2.3.jar:6.2.3]
	at org.apache.catalina.core.ApplicationFilterChain.internalDoFilter(ApplicationFilterChain.java:164) ~[tomcat-embed-core-10.1.36.jar:10.1.36]
	at org.apache.catalina.core.ApplicationFilterChain.doFilter(ApplicationFilterChain.java:140) ~[tomcat-embed-core-10.1.36.jar:10.1.36]
	at org.springframework.web.filter.CharacterEncodingFilter.doFilterInternal(CharacterEncodingFilter.java:201) ~[spring-web-6.2.3.jar:6.2.3]
	at org.springframework.web.filter.OncePerRequestFilter.doFilter(OncePerRequestFilter.java:116) ~[spring-web-6.2.3.jar:6.2.3]
	at org.apache.catalina.core.ApplicationFilterChain.internalDoFilter(ApplicationFilterChain.java:164) ~[tomcat-embed-core-10.1.36.jar:10.1.36]
	at org.apache.catalina.core.ApplicationFilterChain.doFilter(ApplicationFilterChain.java:140) ~[tomcat-embed-core-10.1.36.jar:10.1.36]
	at org.apache.catalina.core.StandardWrapperValve.invoke(StandardWrapperValve.java:167) ~[tomcat-embed-core-10.1.36.jar:10.1.36]
	at org.apache.catalina.core.StandardContextValve.invoke(StandardContextValve.java:90) ~[tomcat-embed-core-10.1.36.jar:10.1.36]
	at org.apache.catalina.authenticator.AuthenticatorBase.invoke(AuthenticatorBase.java:483) ~[tomcat-embed-core-10.1.36.jar:10.1.36]
	at org.apache.catalina.core.StandardHostValve.invoke(StandardHostValve.java:115) ~[tomcat-embed-core-10.1.36.jar:10.1.36]
	at org.apache.catalina.valves.ErrorReportValve.invoke(ErrorReportValve.java:93) ~[tomcat-embed-core-10.1.36.jar:10.1.36]
	at org.apache.catalina.core.StandardEngineValve.invoke(StandardEngineValve.java:74) ~[tomcat-embed-core-10.1.36.jar:10.1.36]
	at org.apache.catalina.connector.CoyoteAdapter.service(CoyoteAdapter.java:344) ~[tomcat-embed-core-10.1.36.jar:10.1.36]
	at org.apache.coyote.http11.Http11Processor.service(Http11Processor.java:397) ~[tomcat-embed-core-10.1.36.jar:10.1.36]
	at org.apache.coyote.AbstractProcessorLight.process(AbstractProcessorLight.java:63) ~[tomcat-embed-core-10.1.36.jar:10.1.36]
	at org.apache.coyote.AbstractProtocol$ConnectionHandler.process(AbstractProtocol.java:905) ~[tomcat-embed-core-10.1.36.jar:10.1.36]
	at org.apache.tomcat.util.net.NioEndpoint$SocketProcessor.doRun(NioEndpoint.java:1743) ~[tomcat-embed-core-10.1.36.jar:10.1.36]
	at org.apache.tomcat.util.net.SocketProcessorBase.run(SocketProcessorBase.java:52) ~[tomcat-embed-core-10.1.36.jar:10.1.36]
	at org.apache.tomcat.util.threads.ThreadPoolExecutor.runWorker(ThreadPoolExecutor.java:1190) ~[tomcat-embed-core-10.1.36.jar:10.1.36]
	at org.apache.tomcat.util.threads.ThreadPoolExecutor$Worker.run(ThreadPoolExecutor.java:659) ~[tomcat-embed-core-10.1.36.jar:10.1.36]
	at org.apache.tomcat.util.threads.TaskThread$WrappingRunnable.run(TaskThread.java:63) ~[tomcat-embed-core-10.1.36.jar:10.1.36]
	at java.base/java.lang.Thread.run(Thread.java:1575) ~[na:na]

2025-02-27T13:14:02.828+05:30  INFO 3503 --- [cg-EmployeePayrollApp] [SpringApplicationShutdownHook] o.s.b.w.e.tomcat.GracefulShutdown        : Commencing graceful shutdown. Waiting for active requests to complete
2025-02-27T13:14:02.837+05:30  INFO 3503 --- [cg-EmployeePayrollApp] [tomcat-shutdown] o.s.b.w.e.tomcat.GracefulShutdown        : Graceful shutdown complete
2025-02-27T13:14:02.849+05:30  INFO 3503 --- [cg-EmployeePayrollApp] [SpringApplicationShutdownHook] j.LocalContainerEntityManagerFactoryBean : Closing JPA EntityManagerFactory for persistence unit 'default'
2025-02-27T13:14:02.855+05:30  INFO 3503 --- [cg-EmployeePayrollApp] [SpringApplicationShutdownHook] com.zaxxer.hikari.HikariDataSource       : HikariPool-1 - Shutdown initiated...
2025-02-27T13:14:02.871+05:30  INFO 3503 --- [cg-EmployeePayrollApp] [SpringApplicationShutdownHook] com.zaxxer.hikari.HikariDataSource       : HikariPool-1 - Shutdown completed.
2025-02-27T13:14:05.084+05:30  INFO 3586 --- [cg-EmployeePayrollApp] [main] o.b.s.c.CgEmployeePayrollAppApplication  : Starting CgEmployeePayrollAppApplication using Java 23.0.2 with PID 3586 (/Users/siddhu/Desktop/cg-tut/cg-EmployeePayrollApp/target/classes started by siddhu in /Users/siddhu/Desktop/cg-tut/cg-EmployeePayrollApp)
2025-02-27T13:14:05.085+05:30  INFO 3586 --- [cg-EmployeePayrollApp] [main] o.b.s.c.CgEmployeePayrollAppApplication  : No active profile set, falling back to 1 default profile: "default"
2025-02-27T13:14:05.417+05:30  INFO 3586 --- [cg-EmployeePayrollApp] [main] .s.d.r.c.RepositoryConfigurationDelegate : Bootstrapping Spring Data JPA repositories in DEFAULT mode.
2025-02-27T13:14:05.439+05:30  INFO 3586 --- [cg-EmployeePayrollApp] [main] .s.d.r.c.RepositoryConfigurationDelegate : Finished Spring Data repository scanning in 17 ms. Found 1 JPA repository interface.
2025-02-27T13:14:05.645+05:30  INFO 3586 --- [cg-EmployeePayrollApp] [main] o.s.b.w.embedded.tomcat.TomcatWebServer  : Tomcat initialized with port 8080 (http)
2025-02-27T13:14:05.653+05:30  INFO 3586 --- [cg-EmployeePayrollApp] [main] o.apache.catalina.core.StandardService   : Starting service [Tomcat]
2025-02-27T13:14:05.653+05:30  INFO 3586 --- [cg-EmployeePayrollApp] [main] o.apache.catalina.core.StandardEngine    : Starting Servlet engine: [Apache Tomcat/10.1.36]
2025-02-27T13:14:05.675+05:30  INFO 3586 --- [cg-EmployeePayrollApp] [main] o.a.c.c.C.[Tomcat].[localhost].[/]       : Initializing Spring embedded WebApplicationContext
2025-02-27T13:14:05.675+05:30  INFO 3586 --- [cg-EmployeePayrollApp] [main] w.s.c.ServletWebServerApplicationContext : Root WebApplicationContext: initialization completed in 568 ms
2025-02-27T13:14:05.735+05:30  INFO 3586 --- [cg-EmployeePayrollApp] [main] o.hibernate.jpa.internal.util.LogHelper  : HHH000204: Processing PersistenceUnitInfo [name: default]
2025-02-27T13:14:05.762+05:30  INFO 3586 --- [cg-EmployeePayrollApp] [main] org.hibernate.Version                    : HHH000412: Hibernate ORM core version 6.6.8.Final
2025-02-27T13:14:05.775+05:30  INFO 3586 --- [cg-EmployeePayrollApp] [main] o.h.c.internal.RegionFactoryInitiator    : HHH000026: Second-level cache disabled
2025-02-27T13:14:05.892+05:30  INFO 3586 --- [cg-EmployeePayrollApp] [main] o.s.o.j.p.SpringPersistenceUnitInfo      : No LoadTimeWeaver setup: ignoring JPA class transformer
2025-02-27T13:14:05.925+05:30  INFO 3586 --- [cg-EmployeePayrollApp] [main] com.zaxxer.hikari.HikariDataSource       : HikariPool-1 - Starting...
2025-02-27T13:14:06.131+05:30  INFO 3586 --- [cg-EmployeePayrollApp] [main] com.zaxxer.hikari.pool.HikariPool        : HikariPool-1 - Added connection com.mysql.cj.jdbc.ConnectionImpl@527d48db
2025-02-27T13:14:06.131+05:30  INFO 3586 --- [cg-EmployeePayrollApp] [main] com.zaxxer.hikari.HikariDataSource       : HikariPool-1 - Start completed.
2025-02-27T13:14:06.161+05:30  WARN 3586 --- [cg-EmployeePayrollApp] [main] org.hibernate.orm.deprecation            : HHH90000025: MySQL8Dialect does not need to be specified explicitly using 'hibernate.dialect' (remove the property setting and it will be selected by default)
2025-02-27T13:14:06.161+05:30  WARN 3586 --- [cg-EmployeePayrollApp] [main] org.hibernate.orm.deprecation            : HHH90000026: MySQL8Dialect has been deprecated; use org.hibernate.dialect.MySQLDialect instead
2025-02-27T13:14:06.167+05:30  INFO 3586 --- [cg-EmployeePayrollApp] [main] org.hibernate.orm.connections.pooling    : HHH10001005: Database info:
	Database JDBC URL [Connecting through datasource 'HikariDataSource (HikariPool-1)']
	Database driver: undefined/unknown
	Database version: 8.0
	Autocommit mode: undefined/unknown
	Isolation level: undefined/unknown
	Minimum pool size: undefined/unknown
	Maximum pool size: undefined/unknown
2025-02-27T13:14:06.482+05:30  INFO 3586 --- [cg-EmployeePayrollApp] [main] o.h.e.t.j.p.i.JtaPlatformInitiator       : HHH000489: No JTA platform available (set 'hibernate.transaction.jta.platform' to enable JTA platform integration)
2025-02-27T13:14:06.531+05:30  INFO 3586 --- [cg-EmployeePayrollApp] [main] j.LocalContainerEntityManagerFactoryBean : Initialized JPA EntityManagerFactory for persistence unit 'default'
2025-02-27T13:14:06.629+05:30  WARN 3586 --- [cg-EmployeePayrollApp] [main] JpaBaseConfiguration$JpaWebConfiguration : spring.jpa.open-in-view is enabled by default. Therefore, database queries may be performed during view rendering. Explicitly configure spring.jpa.open-in-view to disable this warning
2025-02-27T13:14:06.785+05:30  INFO 3586 --- [cg-EmployeePayrollApp] [main] o.s.b.w.embedded.tomcat.TomcatWebServer  : Tomcat started on port 8080 (http) with context path '/'
2025-02-27T13:14:06.789+05:30  INFO 3586 --- [cg-EmployeePayrollApp] [main] o.b.s.c.CgEmployeePayrollAppApplication  : Started CgEmployeePayrollAppApplication in 1.929 seconds (process running for 2.297)
2025-02-27T13:14:09.303+05:30  INFO 3586 --- [cg-EmployeePayrollApp] [http-nio-8080-exec-2] o.a.c.c.C.[Tomcat].[localhost].[/]       : Initializing Spring DispatcherServlet 'dispatcherServlet'
2025-02-27T13:14:09.303+05:30  INFO 3586 --- [cg-EmployeePayrollApp] [http-nio-8080-exec-2] o.s.web.servlet.DispatcherServlet        : Initializing Servlet 'dispatcherServlet'
2025-02-27T13:14:09.311+05:30  INFO 3586 --- [cg-EmployeePayrollApp] [http-nio-8080-exec-2] o.s.web.servlet.DispatcherServlet        : Completed initialization in 7 ms
2025-02-27T13:14:09.331+05:30  INFO 3586 --- [cg-EmployeePayrollApp] [http-nio-8080-exec-2] o.b.s.c.c.EmployeeRestController         : Fetching employee with ID=20
